c:\users\oscar\desktop\assignment 1\assignment 1\debug\vc140.pdb
c:\users\oscar\desktop\assignment 1\assignment 1\debug\vc140.idb
c:\users\oscar\desktop\assignment 1\assignment 1\debug\abstractfactory.obj
c:\users\oscar\desktop\assignment 1\assignment 1\debug\abstractproduct.obj
c:\users\oscar\desktop\assignment 1\assignment 1\debug\firststate.obj
c:\users\oscar\desktop\assignment 1\assignment 1\debug\idlestate.obj
c:\users\oscar\desktop\assignment 1\assignment 1\debug\menu.obj
c:\users\oscar\desktop\assignment 1\assignment 1\debug\istate.obj
c:\users\oscar\desktop\assignment 1\assignment 1\debug\secondstate.obj
c:\users\oscar\desktop\assignment 1\assignment 1\debug\source.obj
c:\users\oscar\desktop\assignment 1\assignment 1\debug\statemachine.obj
c:\users\oscar\desktop\assignment 1\assignment 1\debug\thirdstate.obj
c:\users\oscar\desktop\statemachinepattern\assignment 1\debug\vc140.pdb
c:\users\oscar\desktop\statemachinepattern\assignment 1\debug\vc140.idb
c:\users\oscar\desktop\statemachinepattern\assignment 1\debug\firststate.obj
c:\users\oscar\desktop\statemachinepattern\assignment 1\debug\idlestate.obj
c:\users\oscar\desktop\statemachinepattern\assignment 1\debug\menu.obj
c:\users\oscar\desktop\statemachinepattern\assignment 1\debug\istate.obj
c:\users\oscar\desktop\statemachinepattern\assignment 1\debug\secondstate.obj
c:\users\oscar\desktop\statemachinepattern\assignment 1\debug\source.obj
c:\users\oscar\desktop\statemachinepattern\assignment 1\debug\statemachine.obj
c:\users\oscar\desktop\statemachinepattern\assignment 1\debug\thirdstate.obj
c:\users\oscar\desktop\assignment 1\debug\assignment 1.ilk
c:\users\oscar\desktop\assignment 1\debug\assignment 1.exe
c:\users\oscar\desktop\assignment 1\debug\assignment 1.pdb
c:\users\oscar\desktop\statemachinepattern\assignment 1\debug\assignment 1.ilk
c:\users\oscar\desktop\statemachinepattern\assignment 1\debug\assignment 1.exe
c:\users\oscar\desktop\statemachinepattern\assignment 1\debug\assignment 1.pdb
c:\users\oscar\desktop\statemachinepattern\assignment 1\debug\abstractfactory.obj
c:\users\oscar\desktop\statemachinepattern\assignment 1\debug\abstractproduct.obj
c:\users\oscar\desktop\statemachinepattern\assignment 1\debug\normalstate.obj
c:\users\oscar\desktop\statemachinepattern\assignment 1\debug\assignment 1.tlog\cl.command.1.tlog
c:\users\oscar\desktop\statemachinepattern\assignment 1\debug\assignment 1.tlog\cl.read.1.tlog
c:\users\oscar\desktop\statemachinepattern\assignment 1\debug\assignment 1.tlog\cl.write.1.tlog
c:\users\oscar\desktop\statemachinepattern\assignment 1\debug\assignment 1.tlog\link.command.1.tlog
c:\users\oscar\desktop\statemachinepattern\assignment 1\debug\assignment 1.tlog\link.read.1.tlog
c:\users\oscar\desktop\statemachinepattern\assignment 1\debug\assignment 1.tlog\link.write.1.tlog
